#-----------------------------------------------------------
# Vivado v2019.2 (64-bit)
# SW Build 2708876 on Wed Nov  6 21:40:23 MST 2019
# IP Build 2700528 on Thu Nov  7 00:09:20 MST 2019
# Start of session at: Tue Sep 26 15:19:59 2023
# Process ID: 15232
# Current directory: D:/SMD/FPGA/multplierunsigned
# Command line: vivado.exe -gui_launcher_event rodinguilauncherevent9108 D:\SMD\FPGA\multplierunsigned\multplierunsigned.xpr
# Log file: D:/SMD/FPGA/multplierunsigned/vivado.log
# Journal file: D:/SMD/FPGA/multplierunsigned\vivado.jou
#-----------------------------------------------------------
start_gui
open_project D:/SMD/FPGA/multplierunsigned/multplierunsigned.xpr
Scanning sources...
Finished scanning sources
INFO: [IP_Flow 19-234] Refreshing IP repositories
INFO: [IP_Flow 19-1704] No user IP repositories specified
INFO: [IP_Flow 19-2313] Loaded Vivado IP repository 'D:/VERILOG/Vivado/2019.2/data/ip'.
open_project: Time (s): cpu = 00:00:22 ; elapsed = 00:00:28 . Memory (MB): peak = 939.688 ; gain = 276.941
update_compile_order -fileset sources_1
exit
INFO: [Common 17-206] Exiting Vivado at Tue Sep 26 15:22:18 2023...
