#-----------------------------------------------------------
# Vivado v2019.2 (64-bit)
# SW Build 2708876 on Wed Nov  6 21:40:23 MST 2019
# IP Build 2700528 on Thu Nov  7 00:09:20 MST 2019
# Start of session at: Sun Oct  8 07:58:15 2023
# Process ID: 11304
# Current directory: D:/SMD/FPGA/multplierunsigned
# Command line: vivado.exe -gui_launcher_event rodinguilauncherevent12564 D:\SMD\FPGA\multplierunsigned\multplierunsigned.xpr
# Log file: D:/SMD/FPGA/multplierunsigned/vivado.log
# Journal file: D:/SMD/FPGA/multplierunsigned\vivado.jou
#-----------------------------------------------------------
start_gui
open_project D:/SMD/FPGA/multplierunsigned/multplierunsigned.xpr
Scanning sources...
Finished scanning sources
INFO: [IP_Flow 19-234] Refreshing IP repositories
INFO: [IP_Flow 19-1704] No user IP repositories specified
INFO: [IP_Flow 19-2313] Loaded Vivado IP repository 'D:/VERILOG/Vivado/2019.2/data/ip'.
open_project: Time (s): cpu = 00:00:13 ; elapsed = 00:00:10 . Memory (MB): peak = 935.270 ; gain = 270.883
update_compile_order -fileset sources_1
exit
INFO: [Common 17-206] Exiting Vivado at Sun Oct  8 08:10:18 2023...
