#-----------------------------------------------------------
# Vivado v2019.2 (64-bit)
# SW Build 2708876 on Wed Nov  6 21:40:23 MST 2019
# IP Build 2700528 on Thu Nov  7 00:09:20 MST 2019
# Start of session at: Wed Sep 13 18:40:30 2023
# Process ID: 11632
# Current directory: D:/SMD/dff
# Command line: vivado.exe -gui_launcher_event rodinguilauncherevent10428 D:\SMD\dff\dff.xpr
# Log file: D:/SMD/dff/vivado.log
# Journal file: D:/SMD/dff\vivado.jou
#-----------------------------------------------------------
start_gui
open_project D:/SMD/dff/dff.xpr
Scanning sources...
Finished scanning sources
INFO: [IP_Flow 19-234] Refreshing IP repositories
INFO: [IP_Flow 19-1704] No user IP repositories specified
INFO: [IP_Flow 19-2313] Loaded Vivado IP repository 'D:/VERILOG/Vivado/2019.2/data/ip'.
open_project: Time (s): cpu = 00:01:51 ; elapsed = 00:00:44 . Memory (MB): peak = 942.746 ; gain = 275.902
update_compile_order -fileset sources_1
launch_simulation
Command: launch_simulation 
INFO: [Vivado 12-5682] Launching behavioral simulation in 'D:/SMD/dff/dff.sim/sim_1/behav/xsim'
INFO: [SIM-utils-51] Simulation object is 'sim_1'
INFO: [SIM-utils-54] Inspecting design source files for 'dff_tb' in fileset 'sim_1'...
INFO: [USF-XSim-97] Finding global include files...
INFO: [USF-XSim-98] Fetching design files from 'sim_1'...
INFO: [USF-XSim-2] XSim::Compile design
INFO: [USF-XSim-61] Executing 'COMPILE and ANALYZE' step in 'D:/SMD/dff/dff.sim/sim_1/behav/xsim'
"xvlog --incr --relax -prj dff_tb_vlog.prj"
run_program: Time (s): cpu = 00:00:01 ; elapsed = 00:00:07 . Memory (MB): peak = 955.160 ; gain = 0.000
INFO: [USF-XSim-69] 'compile' step finished in '7' seconds
INFO: [USF-XSim-3] XSim::Elaborate design
INFO: [USF-XSim-61] Executing 'ELABORATE' step in 'D:/SMD/dff/dff.sim/sim_1/behav/xsim'
"xelab -wto 259f47a5f3634727b3c2ece7f025fb83 --incr --debug typical --relax --mt 2 -L xil_defaultlib -L unisims_ver -L unimacro_ver -L secureip --snapshot dff_tb_behav xil_defaultlib.dff_tb xil_defaultlib.glbl -log elaborate.log"
Vivado Simulator 2019.2
Copyright 1986-1999, 2001-2019 Xilinx, Inc. All Rights Reserved.
Running: D:/VERILOG/Vivado/2019.2/bin/unwrapped/win64.o/xelab.exe -wto 259f47a5f3634727b3c2ece7f025fb83 --incr --debug typical --relax --mt 2 -L xil_defaultlib -L unisims_ver -L unimacro_ver -L secureip --snapshot dff_tb_behav xil_defaultlib.dff_tb xil_defaultlib.glbl -log elaborate.log 
Using 2 slave threads.
Starting static elaboration
Pass Through NonSizing Optimizer
Completed static elaboration
INFO: [XSIM 43-4323] No Change in HDL. Linking previously generated obj files to create kernel
run_program: Time (s): cpu = 00:00:03 ; elapsed = 00:00:12 . Memory (MB): peak = 955.160 ; gain = 0.000
INFO: [USF-XSim-69] 'elaborate' step finished in '12' seconds
INFO: [USF-XSim-4] XSim::Simulate design
INFO: [USF-XSim-61] Executing 'SIMULATE' step in 'D:/SMD/dff/dff.sim/sim_1/behav/xsim'
INFO: [USF-XSim-98] *** Running xsim
   with args "dff_tb_behav -key {Behavioral:sim_1:Functional:dff_tb} -tclbatch {dff_tb.tcl} -log {simulate.log}"
INFO: [USF-XSim-8] Loading simulator feature
Vivado Simulator 2019.2
Time resolution is 1 ps
source dff_tb.tcl
# set curr_wave [current_wave_config]
# if { [string length $curr_wave] == 0 } {
#   if { [llength [get_objects]] > 0} {
#     add_wave /
#     set_property needs_save false [current_wave_config]
#   } else {
#      send_msg_id Add_Wave-1 WARNING "No top level signals found. Simulator will start without a wave window. If you want to open a wave window go to 'File->New Waveform Configuration' or type 'create_wave_config' in the TCL console."
#   }
# }
add_wave: Time (s): cpu = 00:00:15 ; elapsed = 00:00:07 . Memory (MB): peak = 971.211 ; gain = 15.105
# run 1000ns
$finish called at time : 500 ns : File "D:/SMD/dff/dff.srcs/sim_1/new/dff_tb.v" Line 22
run: Time (s): cpu = 00:00:14 ; elapsed = 00:00:06 . Memory (MB): peak = 972.441 ; gain = 1.230
xsim: Time (s): cpu = 00:00:46 ; elapsed = 00:00:21 . Memory (MB): peak = 972.441 ; gain = 17.281
INFO: [USF-XSim-96] XSim completed. Design snapshot 'dff_tb_behav' loaded.
INFO: [USF-XSim-97] XSim simulation ran for 1000ns
launch_simulation: Time (s): cpu = 00:00:55 ; elapsed = 00:00:44 . Memory (MB): peak = 972.441 ; gain = 17.281
close_sim
INFO: [Simtcl 6-16] Simulation closed
close_sim: Time (s): cpu = 00:00:38 ; elapsed = 00:00:20 . Memory (MB): peak = 1010.695 ; gain = 26.305
exit
INFO: [Common 17-206] Exiting Vivado at Wed Sep 13 18:48:43 2023...
