#-----------------------------------------------------------
# Vivado v2019.2 (64-bit)
# SW Build 2708876 on Wed Nov  6 21:40:23 MST 2019
# IP Build 2700528 on Thu Nov  7 00:09:20 MST 2019
# Start of session at: Tue Sep 26 14:51:33 2023
# Process ID: 14060
# Current directory: D:/SMD/FPGA/jkff
# Command line: vivado.exe -gui_launcher_event rodinguilauncherevent11784 D:\SMD\FPGA\jkff\jkff.xpr
# Log file: D:/SMD/FPGA/jkff/vivado.log
# Journal file: D:/SMD/FPGA/jkff\vivado.jou
#-----------------------------------------------------------
start_guiopen_project D:/SMD/FPGA/jkff/jkff.xpr
SScanning sources...Finished scanning sources
IINFO: [IP_Flow 19-234] Refreshing IP repositories
INFO: [IP_Flow 19-1704] No user IP repositories specifiedIINFO: [IP_Flow 19-2313] Loaded Vivado IP repository 'D:/VERILOG/Vivado/2019.2/data/ip'.oopen_project: Time (s): cpu = 00:00:31 ; elapsed = 00:00:51 . Memory (MB): peak = 873.238 ; gain = 213.066updateINFO: [Common 17-206] Exiting Vivalaunch_simulation
Command: launch_simulation 
INFO: [Vivado 12-5682] Launching behavioral simulation in 'D:/SMD/FPGA/jkff/jkff.sim/sim_1/behav/xsim'
INFO: [SIM-utils-51] Simulation object is 'sim_1'
INFO: [SIM-utils-54] Inspecting design source files for 'jkff_tb' in fileset 'sim_1'...
INFO: [USF-XSim-97] Finding global include files...
INFO: [USF-XSim-98] Fetching design files from 'sim_1'...
INFO: [USF-XSim-2] XSim::Compile design
INFO: [USF-XSim-61] Executing 'COMPILE and ANALYZE' step in 'D:/SMD/FPGA/jkff/jkff.sim/sim_1/behav/xsim'
"xvlog --incr --relax -prj jkff_tb_vlog.prj"
run_program: Time (s): cpu = 00:00:07 ; elapsed = 00:00:24 . Memory (MB): peak = 888.461 ; gain = 0.000
INFO: [USF-XSim-69] 'compile' step finished in '24' seconds
INFO: [USF-XSim-3] XSim::Elaborate design
INFO: [USF-XSim-61] Executing 'ELABORATE' step in 'D:/SMD/FPGA/jkff/jkff.sim/sim_1/behav/xsim'
"xelab -wto 7b1663677c6a4540831fc17b476cde2d --incr --debug typical --relax --mt 2 -L xil_defaultlib -L unisims_ver -L unimacro_ver -L secureip --snapshot jkff_tb_behav xil_defaultlib.jkff_tb xil_defaultlib.glbl -log elaborate.log"
Vivado Simulator 2019.2
Copyright 1986-1999, 2001-2019 Xilinx, Inc. All Rights Reserved.
Running: D:/VERILOG/Vivado/2019.2/bin/unwrapped/win64.o/xelab.exe -wto 7b1663677c6a4540831fc17b476cde2d --incr --debug typical --relax --mt 2 -L xil_defaultlib -L unisims_ver -L unimacro_ver -L secureip --snapshot jkff_tb_behav xil_defaultlib.jkff_tb xil_defaultlib.glbl -log elaborate.log 
Using 2 slave threads.
Starting static elaboration
Pass Through NonSizing Optimizer
Completed static elaboration
INFO: [XSIM 43-4323] No Change in HDL. Linking previously generated obj files to create kernel
run_program: Time (s): cpu = 00:00:04 ; elapsed = 00:00:32 . Memory (MB): peak = 888.461 ; gain = 0.000
INFO: [USF-XSim-69] 'elaborate' step finished in '32' seconds
INFO: [USF-XSim-4] XSim::Simulate design
INFO: [USF-XSim-61] Executing 'SIMULATE' step in 'D:/SMD/FPGA/jkff/jkff.sim/sim_1/behav/xsim'
INFO: [USF-XSim-98] *** Running xsim
   with args "jkff_tb_behav -key {Behavioral:sim_1:Functional:jkff_tb} -tclbatch {jkff_tb.tcl} -log {simulate.log}"
INFO: [USF-XSim-8] Loading simulator feature
Vivado Simulator 2019.2
Time resolution is 1 ps
source jkff_tb.tcl
# set curr_wave [current_wave_config]
# if { [string length $curr_wave] == 0 } {
#   if { [llength [get_objects]] > 0} {
#     add_wave /
#     set_property needs_save false [current_wave_config]
#   } else {
#      send_msg_id Add_Wave-1 WARNING "No top level signals found. Simulator will start without a wave window. If you want to open a wave window go to 'File->New Waveform Configuration' or type 'create_wave_config' in the TCL console."
#   }
# }
add_wave: Time (s): cpu = 00:00:16 ; elapsed = 00:00:08 . Memory (MB): peak = 913.398 ; gain = 2.891
# run 1000ns
$finish called at time : 100 ns : File "D:/SMD/FPGA/jkff/jkff.srcs/sources_1/new/jkff_tb.v" Line 28
xsim: Time (s): cpu = 00:00:46 ; elapsed = 00:00:26 . Memory (MB): peak = 913.398 ; gain = 16.984
INFO: [USF-XSim-96] XSim completed. Design snapshot 'jkff_tb_behav' loaded.
INFO: [USF-XSim-97] XSim simulation ran for 1000ns
launch_simulation: Time (s): cpu = 00:01:06 ; elapsed = 00:01:33 . Memory (MB): peak = 913.398 ; gain = 24.938
close_sim
INFO: [Simtcl 6-16] Simulation closed
close_sim: Time (s): cpu = 00:00:02 ; elapsed = 00:00:11 . Memory (MB): peak = 921.660 ; gain = 0.000
exit
INFO: [Common 17-206] Exiting Vivado at Tue Sep 26 15:42:58 2023...
