#-----------------------------------------------------------
# Vivado v2019.2 (64-bit)
# SW Build 2708876 on Wed Nov  6 21:40:23 MST 2019
# IP Build 2700528 on Thu Nov  7 00:09:20 MST 2019
# Start of session at: Sun Sep 17 12:31:54 2023
# Process ID: 14136
# Current directory: D:/SMD/FPGA/jkff
# Command line: vivado.exe -gui_launcher_event rodinguilauncherevent16224 D:\SMD\FPGA\jkff\jkff.xpr
# Log file: D:/SMD/FPGA/jkff/vivado.log
# Journal file: D:/SMD/FPGA/jkff\vivado.jou
#-----------------------------------------------------------
start_gui
open_project D:/SMD/FPGA/jkff/jkff.xpr
INFO: [Project 1-313] Project file moved from 'D:/SMD/jkff' since last save.
Scanning sources...
Finished scanning sources
INFO: [IP_Flow 19-234] Refreshing IP repositories
INFO: [IP_Flow 19-1704] No user IP repositories specified
INFO: [IP_Flow 19-2313] Loaded Vivado IP repository 'D:/VERILOG/Vivado/2019.2/data/ip'.
open_project: Time (s): cpu = 00:01:03 ; elapsed = 00:00:40 . Memory (MB): peak = 925.898 ; gain = 224.336
update_compile_order -fileset sources_1
exit
INFO: [Common 17-206] Exiting Vivado at Sun Sep 17 12:51:36 2023...
