#-----------------------------------------------------------
# Vivado v2019.2 (64-bit)
# SW Build 2708876 on Wed Nov  6 21:40:23 MST 2019
# IP Build 2700528 on Thu Nov  7 00:09:20 MST 2019
# Start of session at: Sun Oct  8 07:15:33 2023
# Process ID: 14184
# Current directory: D:/SMD/FPGA/srff
# Command line: vivado.exe -gui_launcher_event rodinguilauncherevent14364 D:\SMD\FPGA\srff\srff.xpr
# Log file: D:/SMD/FPGA/srff/vivado.log
# Journal file: D:/SMD/FPGA/srff\vivado.jou
#-----------------------------------------------------------
start_gui
open_project D:/SMD/FPGA/srff/srff.xpr
Scanning sources...
Finished scanning sources
INFO: [IP_Flow 19-234] Refreshing IP repositories
INFO: [IP_Flow 19-1704] No user IP repositories specified
INFO: [IP_Flow 19-2313] Loaded Vivado IP repository 'D:/VERILOG/Vivado/2019.2/data/ip'.
open_project: Time (s): cpu = 00:00:26 ; elapsed = 00:00:28 . Memory (MB): peak = 887.918 ; gain = 259.129
update_compile_order -fileset sources_1
