#-----------------------------------------------------------
# Vivado v2019.2 (64-bit)
# SW Build 2708876 on Wed Nov  6 21:40:23 MST 2019
# IP Build 2700528 on Thu Nov  7 00:09:20 MST 2019
# Start of session at: Mon Sep 18 21:28:36 2023
# Process ID: 2572
# Current directory: D:/SMD/FPGA/srff
# Command line: vivado.exe -gui_launcher_event rodinguilauncherevent14472 D:\SMD\FPGA\srff\srff.xpr
# Log file: D:/SMD/FPGA/srff/vivado.log
# Journal file: D:/SMD/FPGA/srff\vivado.jou
#-----------------------------------------------------------
start_gui
open_project D:/SMD/FPGA/srff/srff.xpr
INFO: [Project 1-313] Project file moved from 'D:/SMD/srff' since last save.
Scanning sources...
Finished scanning sources
INFO: [IP_Flow 19-234] Refreshing IP repositories
INFO: [IP_Flow 19-1704] No user IP repositories specified
INFO: [IP_Flow 19-2313] Loaded Vivado IP repository 'D:/VERILOG/Vivado/2019.2/data/ip'.
open_project: Time (s): cpu = 00:00:36 ; elapsed = 00:00:47 . Memory (MB): peak = 854.781 ; gain = 224.312
update_compile_order -fileset sources_1
launch_simulation
Command: launch_simulation 
INFO: [Vivado 12-5682] Launching behavioral simulation in 'D:/SMD/FPGA/srff/srff.sim/sim_1/behav/xsim'
INFO: [SIM-utils-51] Simulation object is 'sim_1'
INFO: [SIM-utils-54] Inspecting design source files for 'srff_tb' in fileset 'sim_1'...
INFO: [USF-XSim-97] Finding global include files...
INFO: [USF-XSim-98] Fetching design files from 'sim_1'...
INFO: [USF-XSim-2] XSim::Compile design
INFO: [USF-XSim-61] Executing 'COMPILE and ANALYZE' step in 'D:/SMD/FPGA/srff/srff.sim/sim_1/behav/xsim'
"xvlog --incr --relax -prj srff_tb_vlog.prj"
INFO: [VRFC 10-2263] Analyzing Verilog file "D:/SMD/FPGA/srff/srff.srcs/sources_1/new/srff.v" into library xil_defaultlib
INFO: [VRFC 10-311] analyzing module srff
INFO: [VRFC 10-2263] Analyzing Verilog file "D:/SMD/FPGA/srff/srff.srcs/sim_1/new/srff_tb.v" into library xil_defaultlib
INFO: [VRFC 10-311] analyzing module srff_tb
INFO: [VRFC 10-2263] Analyzing Verilog file "D:/SMD/FPGA/srff/srff.sim/sim_1/behav/xsim/glbl.v" into library xil_defaultlib
INFO: [VRFC 10-311] analyzing module glbl
INFO: [USF-XSim-69] 'compile' step finished in '4' seconds
INFO: [USF-XSim-3] XSim::Elaborate design
INFO: [USF-XSim-61] Executing 'ELABORATE' step in 'D:/SMD/FPGA/srff/srff.sim/sim_1/behav/xsim'
"xelab -wto 12572e1248be4c78b75f4559ef2d7916 --incr --debug typical --relax --mt 2 -L xil_defaultlib -L unisims_ver -L unimacro_ver -L secureip --snapshot srff_tb_behav xil_defaultlib.srff_tb xil_defaultlib.glbl -log elaborate.log"
Vivado Simulator 2019.2
Copyright 1986-1999, 2001-2019 Xilinx, Inc. All Rights Reserved.
Running: D:/VERILOG/Vivado/2019.2/bin/unwrapped/win64.o/xelab.exe -wto 12572e1248be4c78b75f4559ef2d7916 --incr --debug typical --relax --mt 2 -L xil_defaultlib -L unisims_ver -L unimacro_ver -L secureip --snapshot srff_tb_behav xil_defaultlib.srff_tb xil_defaultlib.glbl -log elaborate.log 
Using 2 slave threads.
Starting static elaboration
Pass Through NonSizing Optimizer
Completed static elaboration
Starting simulation data flow analysis
Completed simulation data flow analysis
Time Resolution for simulation is 1ps
Compiling module xil_defaultlib.srff
Compiling module xil_defaultlib.srff_tb
Compiling module xil_defaultlib.glbl
Built simulation snapshot srff_tb_behav

****** Webtalk v2019.2 (64-bit)
  **** SW Build 2708876 on Wed Nov  6 21:40:23 MST 2019
  **** IP Build 2700528 on Thu Nov  7 00:09:20 MST 2019
    ** Copyright 1986-2019 Xilinx, Inc. All Rights Reserved.

source D:/SMD/FPGA/srff/srff.sim/sim_1/behav/xsim/xsim.dir/srff_tb_behav/webtalk/xsim_webtalk.tcl -notrace
INFO: [Common 17-206] Exiting Webtalk at Mon Sep 18 21:31:48 2023...
run_program: Time (s): cpu = 00:00:00 ; elapsed = 00:00:13 . Memory (MB): peak = 929.832 ; gain = 0.000
INFO: [USF-XSim-69] 'elaborate' step finished in '13' seconds
INFO: [USF-XSim-4] XSim::Simulate design
INFO: [USF-XSim-61] Executing 'SIMULATE' step in 'D:/SMD/FPGA/srff/srff.sim/sim_1/behav/xsim'
INFO: [USF-XSim-98] *** Running xsim
   with args "srff_tb_behav -key {Behavioral:sim_1:Functional:srff_tb} -tclbatch {srff_tb.tcl} -log {simulate.log}"
INFO: [USF-XSim-8] Loading simulator feature
Vivado Simulator 2019.2
Time resolution is 1 ps
source srff_tb.tcl
# set curr_wave [current_wave_config]
# if { [string length $curr_wave] == 0 } {
#   if { [llength [get_objects]] > 0} {
#     add_wave /
#     set_property needs_save false [current_wave_config]
#   } else {
#      send_msg_id Add_Wave-1 WARNING "No top level signals found. Simulator will start without a wave window. If you want to open a wave window go to 'File->New Waveform Configuration' or type 'create_wave_config' in the TCL console."
#   }
# }
add_wave: Time (s): cpu = 00:00:16 ; elapsed = 00:00:06 . Memory (MB): peak = 955.734 ; gain = 18.035
# run 1000ns
$finish called at time : 100 ns : File "D:/SMD/FPGA/srff/srff.srcs/sim_1/new/srff_tb.v" Line 29
xsim: Time (s): cpu = 00:00:25 ; elapsed = 00:00:14 . Memory (MB): peak = 955.734 ; gain = 25.902
INFO: [USF-XSim-96] XSim completed. Design snapshot 'srff_tb_behav' loaded.
INFO: [USF-XSim-97] XSim simulation ran for 1000ns
launch_simulation: Time (s): cpu = 00:00:27 ; elapsed = 00:00:32 . Memory (MB): peak = 955.734 ; gain = 25.902
close_sim
INFO: [Simtcl 6-16] Simulation closed
close_sim: Time (s): cpu = 00:00:09 ; elapsed = 00:00:13 . Memory (MB): peak = 955.734 ; gain = 0.000
exit
INFO: [Common 17-206] Exiting Vivado at Mon Sep 18 21:33:23 2023...
